c:\school\2025\capstone\capstone_483_lockheedmartin\driver\gauntletkmdf\x64\debug\vc143.pdb
c:\school\2025\capstone\capstone_483_lockheedmartin\driver\gauntletkmdf\x64\debug\driver.obj
c:\school\2025\capstone\capstone_483_lockheedmartin\driver\gauntletkmdf\x64\debug\gauntletkmdf\gauntletkmdf.cat
c:\school\2025\capstone\capstone_483_lockheedmartin\driver\gauntletkmdf\x64\debug\gauntletkmdf.sys
c:\school\2025\capstone\capstone_483_lockheedmartin\driver\gauntletkmdf\x64\debug\gauntletkmdf.pdb
c:\school\2025\capstone\capstone_483_lockheedmartin\driver\gauntletkmdf\x64\debug\gauntletkmdf.inf
c:\school\2025\capstone\capstone_483_lockheedmartin\driver\gauntletkmdf\x64\debug\gauntletkmdf.cer
c:\school\2025\capstone\capstone_483_lockheedmartin\driver\gauntletkmdf\x64\debug\gauntletkmdf.tlog\cl.command.1.tlog
c:\school\2025\capstone\capstone_483_lockheedmartin\driver\gauntletkmdf\x64\debug\gauntletkmdf.tlog\cl.items.tlog
c:\school\2025\capstone\capstone_483_lockheedmartin\driver\gauntletkmdf\x64\debug\gauntletkmdf.tlog\cl.read.1.tlog
c:\school\2025\capstone\capstone_483_lockheedmartin\driver\gauntletkmdf\x64\debug\gauntletkmdf.tlog\cl.write.1.tlog
c:\school\2025\capstone\capstone_483_lockheedmartin\driver\gauntletkmdf\x64\debug\gauntletkmdf.tlog\inf2cat-expand.34024.read.1.tlog
c:\school\2025\capstone\capstone_483_lockheedmartin\driver\gauntletkmdf\x64\debug\gauntletkmdf.tlog\inf2cat-expand.34024.write.1.tlog
c:\school\2025\capstone\capstone_483_lockheedmartin\driver\gauntletkmdf\x64\debug\gauntletkmdf.tlog\inf2cat-expand.read.1.tlog
c:\school\2025\capstone\capstone_483_lockheedmartin\driver\gauntletkmdf\x64\debug\gauntletkmdf.tlog\inf2cat-expand.write.1.tlog
c:\school\2025\capstone\capstone_483_lockheedmartin\driver\gauntletkmdf\x64\debug\gauntletkmdf.tlog\inf2cat.command.1.tlog
c:\school\2025\capstone\capstone_483_lockheedmartin\driver\gauntletkmdf\x64\debug\gauntletkmdf.tlog\inf2cat.read.1.tlog
c:\school\2025\capstone\capstone_483_lockheedmartin\driver\gauntletkmdf\x64\debug\gauntletkmdf.tlog\inf2cat.write.1.tlog
c:\school\2025\capstone\capstone_483_lockheedmartin\driver\gauntletkmdf\x64\debug\gauntletkmdf.tlog\link.command.1.tlog
c:\school\2025\capstone\capstone_483_lockheedmartin\driver\gauntletkmdf\x64\debug\gauntletkmdf.tlog\link.read.1.tlog
c:\school\2025\capstone\capstone_483_lockheedmartin\driver\gauntletkmdf\x64\debug\gauntletkmdf.tlog\link.secondary.1.tlog
c:\school\2025\capstone\capstone_483_lockheedmartin\driver\gauntletkmdf\x64\debug\gauntletkmdf.tlog\link.write.1.tlog
c:\school\2025\capstone\capstone_483_lockheedmartin\driver\gauntletkmdf\x64\debug\gauntletkmdf.tlog\signtool.command.1.tlog
c:\school\2025\capstone\capstone_483_lockheedmartin\driver\gauntletkmdf\x64\debug\gauntletkmdf.tlog\signtool.read.1.tlog
c:\school\2025\capstone\capstone_483_lockheedmartin\driver\gauntletkmdf\x64\debug\gauntletkmdf.tlog\signtool.timestamp.1.tlog
c:\school\2025\capstone\capstone_483_lockheedmartin\driver\gauntletkmdf\x64\debug\gauntletkmdf.tlog\signtool.write.1.tlog
c:\school\2025\capstone\capstone_483_lockheedmartin\driver\gauntletkmdf\x64\debug\gauntletkmdf.tlog\stampinf.command.1.tlog
c:\school\2025\capstone\capstone_483_lockheedmartin\driver\gauntletkmdf\x64\debug\gauntletkmdf.tlog\stampinf.read.1.tlog
c:\school\2025\capstone\capstone_483_lockheedmartin\driver\gauntletkmdf\x64\debug\gauntletkmdf.tlog\stampinf.write.1.tlog
